DEBUG - Starting new HTTPS connection (1): graph.facebook.com:443
DEBUG - https://graph.facebook.com:443 "GET /v11.0/17841442075233320?fields=business_discovery.username%28ufabc%29%7Busername%2Cwebsite%2Cname%2Cig_id%2Cid%2Cprofile_picture_url%2Cbiography%2C++++++++follows_count%2Cfollowers_count%2Cmedia_count%2Cmedia%7Bmedia_url%2Ccomments_count%2C++++++++like_count%2Ccaption%2Cmedia_type%2Cpermalink%2Ctimestamp%2Cusername%7D%7D&access_token=EAAlVCHCZA7rQBAPpX03Yo7I5pYsHSU2p4JdDs4tTdljwaHt5e76DCMi3NZCTZBo4iZBnoCgCp05pWqher1JSdpSZAPhZBpksHltc7oZBRQZAT9DVYXxRw2YglWCiO5d8m2CuCWMO2XxwpsJHpsTF6Hko9SW8LslioF9e3NS4cUivaquDM0C1wZBMX HTTP/1.1" 200 19607
DEBUG - Starting new HTTPS connection (1): scontent.cdninstagram.com:443
DEBUG - https://scontent.cdninstagram.com:443 "GET /v/t39.30808-6/321244805_1136454117025183_6212691855966567937_n.jpg?_nc_cat=102&ccb=1-7&_nc_sid=8ae9d6&_nc_eui2=AeFhTYyTWhNw1qHhvv9dq3uBD1VGRM8UCbgPVUZEzxQJuN8rEdv-qy2gZb0-PEyq76G_9Zqw8J3t0El4mcCdQQSC&_nc_ohc=4X33W0zdgi4AX_Eks75&_nc_ht=scontent.cdninstagram.com&edm=AL-3X8kEAAAA&oh=00_AfA6ZXwaLNEP7V3HO0X-qSf8MPVQrQwNfy_Hy71RbkMu3g&oe=63A92527 HTTP/1.1" 200 277027
DEBUG - Starting new HTTPS connection (1): scontent.cdninstagram.com:443
DEBUG - https://scontent.cdninstagram.com:443 "GET /v/t39.30808-6/321240469_1799871237049618_5083979782348315593_n.jpg?_nc_cat=107&ccb=1-7&_nc_sid=8ae9d6&_nc_eui2=AeGE7rVTBm_DiBW-94kkNwKwOOJ0jXWyJd044nSNdbIl3YzcM0xiZDZqDXRn18Zo2iF1KeX6eAzFYpNeXoDEBY7W&_nc_ohc=KpT3ljEJH8QAX87yWHi&_nc_ht=scontent.cdninstagram.com&edm=AL-3X8kEAAAA&oh=00_AfBuypJVp7rw_m5eJ4IKkl274YuUZl_K1AjGeN_bzq7rRg&oe=63A97194 HTTP/1.1" 200 167572
DEBUG - Starting new HTTPS connection (1): scontent.cdninstagram.com:443
DEBUG - https://scontent.cdninstagram.com:443 "GET /v/t39.30808-6/320446883_521849619971438_1769230560922388807_n.jpg?_nc_cat=109&ccb=1-7&_nc_sid=8ae9d6&_nc_eui2=AeEE23KxaURGr_K4tD7DhPzmHbzlBk1xw4kdvOUGTXHDiY1I0PnyaScOcT1Tqih-OPfuyieU7FD57fp8lu7JR9F0&_nc_ohc=AsBVkh32A9AAX-h5pf6&_nc_ht=scontent.cdninstagram.com&edm=AL-3X8kEAAAA&oh=00_AfABzOmp3gbHrLQjTcqrcJ0yLIKBLILxD3lBnzePDoRhXA&oe=63AA05AF HTTP/1.1" 200 71321
DEBUG - Starting new HTTPS connection (1): scontent.cdninstagram.com:443
DEBUG - https://scontent.cdninstagram.com:443 "GET /v/t39.30808-6/320283593_479334247676879_420634631777839673_n.jpg?_nc_cat=104&ccb=1-7&_nc_sid=8ae9d6&_nc_eui2=AeEbgvS66AjLpEEIjPR-nPzheHR-RTTbHtF4dH5FNNse0Y7DobuFPq0wE8apEHM5gwhsaRM61yMey2oPi6gmvYIj&_nc_ohc=pA5YIN1PCrkAX9ZL4Pn&_nc_ht=scontent.cdninstagram.com&edm=AL-3X8kEAAAA&oh=00_AfBpZgZrLUlrOiLJyxHIM6-dNJPezcVaOLWuFO2ENZ80hw&oe=63A8F1EB HTTP/1.1" 200 92883
DEBUG - Starting new HTTPS connection (1): scontent.cdninstagram.com:443
DEBUG - https://scontent.cdninstagram.com:443 "GET /v/t39.30808-6/320317104_1238650810045987_6106970670864082524_n.jpg?_nc_cat=107&ccb=1-7&_nc_sid=8ae9d6&_nc_eui2=AeFqkWaA7E5WYIsjg-bYZGsFZJutgJicffxkm62AmJx9_F24-PMNuhuC0XAXUX9L-9uHMCvu1UR-mrs0SjA2Y0Fk&_nc_ohc=PPGA4oEaIBkAX8wpYLf&_nc_ht=scontent.cdninstagram.com&edm=AL-3X8kEAAAA&oh=00_AfAm85Z7ZpdRz8JPs36mjDYYisX58zx3nu-JpsIxWRFlkw&oe=63A91A67 HTTP/1.1" 200 205178
DEBUG - Starting new HTTPS connection (1): scontent.cdninstagram.com:443
DEBUG - https://scontent.cdninstagram.com:443 "GET /v/t39.30808-6/320407414_669564174649542_8177701602164377458_n.jpg?_nc_cat=110&ccb=1-7&_nc_sid=8ae9d6&_nc_eui2=AeEP_a_zgu6Qa83akU-4AamPZ35CVwjvTgZnfkJXCO9OBta9-dmhBQbReeKz8tPZEgZPNDyYRCWFpmviy9jVDNRA&_nc_ohc=Gho3R8--pJMAX8dHeU8&_nc_ht=scontent.cdninstagram.com&edm=AL-3X8kEAAAA&oh=00_AfCnMrF2BAg9L6LLhPTqYD1qh0VtQ_eTXCKebj6OCoWtlA&oe=63A99E81 HTTP/1.1" 200 512980
DEBUG - Starting new HTTPS connection (1): scontent.cdninstagram.com:443
DEBUG - https://scontent.cdninstagram.com:443 "GET /v/t39.30808-6/319662756_3225134581080997_2657400157797922142_n.jpg?_nc_cat=104&ccb=1-7&_nc_sid=8ae9d6&_nc_eui2=AeEGWZ5xCz_7zY5-rFPuHAK91BU--fwGQ-rUFT75_AZD6v5ZKakO4CutfC6wl3gwop3J3ldn8VNxMdwdlZTqCBs6&_nc_ohc=6n0U89UkdjEAX-J8d_K&_nc_ht=scontent.cdninstagram.com&edm=AL-3X8kEAAAA&oh=00_AfBTAxW1A4WasRsPk52ks_vfgxLDxb2s8gcMZgLd4wSRhw&oe=63A9919E HTTP/1.1" 200 100877
DEBUG - Starting new HTTPS connection (1): scontent.cdninstagram.com:443
DEBUG - https://scontent.cdninstagram.com:443 "GET /v/t39.30808-6/320150746_683317456756400_7433807882040507931_n.jpg?_nc_cat=106&ccb=1-7&_nc_sid=8ae9d6&_nc_eui2=AeENv1gtcJ8CXGDUiM1equm4d72y-cJB5ER3vbL5wkHkRIOppXEeyCiFSs1ofQrWCzlcCXmKaEf-2b4At6K3j6fk&_nc_ohc=EgTU6Y_qivMAX-EmAVG&_nc_ht=scontent.cdninstagram.com&edm=AL-3X8kEAAAA&oh=00_AfAepXPytrCBUCY8Nwjv5TY4EgzGXgAms-tLyg4fSl83uw&oe=63AA052A HTTP/1.1" 200 103918
DEBUG - Starting new HTTPS connection (1): scontent.cdninstagram.com:443
DEBUG - https://scontent.cdninstagram.com:443 "GET /v/t39.30808-6/319961538_1225616214971941_3184828118799158770_n.jpg?_nc_cat=104&ccb=1-7&_nc_sid=8ae9d6&_nc_eui2=AeHn2cEGG5S9pYzY3NQRZRgb19wbRPn7HBLX3BtE-fscEsFzo0Xaz2sYnQBcIsbl285hXLplSIjaCwIuX72xW7au&_nc_ohc=a-YCuhV03wYAX-ZUwZo&_nc_oc=AQmZ3qykjDEV2RLhNnL3WZuspMI6G5K1QlwlMHZPU_oVnJM3wHGb16vwewHDwjN7DWU&_nc_ht=scontent.cdninstagram.com&edm=AL-3X8kEAAAA&oh=00_AfAV0CiOBF06n0Wbt0UWe3Q1GIZ_DJCToUBqgvh4trs2Qw&oe=63A90743 HTTP/1.1" 200 105354
DEBUG - Starting new HTTPS connection (1): scontent.cdninstagram.com:443
DEBUG - https://scontent.cdninstagram.com:443 "GET /v/t39.30808-6/319635998_535119705338993_4837793861192116572_n.jpg?_nc_cat=100&ccb=1-7&_nc_sid=8ae9d6&_nc_eui2=AeEeXjmP3_YgEr-FLNG4Px7SK_CuEuyI_xMr8K4S7Ij_E4hDy9EFyUXbWtJiMhQY58vZYHDnLU0GS__RWeakdmlD&_nc_ohc=a4L4CtKaPZoAX9_mqTY&_nc_oc=AQmIdwY8-TfP_8tvYB2srWTBHnDcnXvCbI8OSyMftFA3u0TLvUG-rqm9I982z6qScz4&_nc_ht=scontent.cdninstagram.com&edm=AL-3X8kEAAAA&oh=00_AfATdL6fGt5ko2FG1ABYqBTlsNYal_bHjsOwT1_aAsvaZA&oe=63A90E3B HTTP/1.1" 200 92625
DEBUG - Starting new HTTPS connection (1): scontent.cdninstagram.com:443
DEBUG - https://scontent.cdninstagram.com:443 "GET /v/t39.30808-6/320132496_828455728461098_1139933718382076564_n.jpg?_nc_cat=104&ccb=1-7&_nc_sid=8ae9d6&_nc_eui2=AeHFrDkwBW-hCM7eAMmc8SmtdNcpVlIdtcZ01ylWUh21xnE0YYb8tKlALIezHrHpCgNkvz_81ZOs3x1b-VoVsXfQ&_nc_ohc=SR9Yi1s2etoAX9bWPco&_nc_ht=scontent.cdninstagram.com&edm=AL-3X8kEAAAA&oh=00_AfDx1yHCuRO7GB79wjf1ipg4jOge-dDwk-EsjGpG0qWcEw&oe=63A95DEA HTTP/1.1" 200 78855
DEBUG - Starting new HTTPS connection (1): scontent.cdninstagram.com:443
DEBUG - https://scontent.cdninstagram.com:443 "GET /v/t39.30808-6/319550913_5848107508565826_1597697769371833558_n.jpg?_nc_cat=102&ccb=1-7&_nc_sid=8ae9d6&_nc_eui2=AeFoSv6Y9r314jg9mqB2xPxkZfiBUeHPUjFl-IFR4c9SMY2PZ_tMGRnXg-NbhWk_wGMoyU_SVqysO4F_5MXLBuJv&_nc_ohc=1RQtatF1Y7YAX9nsdbg&_nc_ht=scontent.cdninstagram.com&edm=AL-3X8kEAAAA&oh=00_AfDuf_rLG2gJnrPS-b-x__pocS8oj1fvf5EV9zxnF5dn2Q&oe=63A8FB2E HTTP/1.1" 200 135131
DEBUG - Starting new HTTPS connection (1): scontent.cdninstagram.com:443
DEBUG - https://scontent.cdninstagram.com:443 "GET /v/t39.30808-6/318624660_508505814646710_7423259544914720009_n.jpg?_nc_cat=100&ccb=1-7&_nc_sid=8ae9d6&_nc_eui2=AeEd1ZNBcijJJegK-TpG2amwebJccvfg1Ad5slxy9-DUBwsdMUZdMcOvjTarrebVTcw6ZZ7brrYaFY8bOcyTlAIL&_nc_ohc=Na6-BDsNHWYAX-CX4Lf&_nc_ht=scontent.cdninstagram.com&edm=AL-3X8kEAAAA&oh=00_AfC7eppXpeiWc5jjPS_gTP4wPPy5K8xdxXWx5xMsxi8W7w&oe=63A96DB6 HTTP/1.1" 200 94176
DEBUG - Starting new HTTPS connection (1): scontent.cdninstagram.com:443
DEBUG - https://scontent.cdninstagram.com:443 "GET /v/t39.30808-6/318232671_505549554942336_721053027975151019_n.jpg?_nc_cat=103&ccb=1-7&_nc_sid=8ae9d6&_nc_eui2=AeHbBXcFHjG0LL8d-uw50jHuy1U_dHQtk9PLVT90dC2T00tifzEs4wHEJ7KdkEvVlh7ArmTT_V9ZaQNE5GxCEd5a&_nc_ohc=qnWC_NqgsSwAX_Cu4wR&_nc_ht=scontent.cdninstagram.com&edm=AL-3X8kEAAAA&oh=00_AfB6-LK5TaRUfwBZVMlcZWl8vXa6A5CCDe8xFhV9ExMqpQ&oe=63AA9FC5 HTTP/1.1" 200 89356
DEBUG - Starting new HTTPS connection (1): scontent.cdninstagram.com:443
DEBUG - https://scontent.cdninstagram.com:443 "GET /v/t39.30808-6/319043989_505003968330228_7973571077818716592_n.jpg?_nc_cat=100&ccb=1-7&_nc_sid=8ae9d6&_nc_eui2=AeG25R-La_-q2d5JfJ2CEunA8k7CeKtnq9fyTsJ4q2er15TIkTVjRCdWiXejILJ0-5RqGOxa7Yxm3cVQKN0A1erA&_nc_ohc=OX2pYcGcHrMAX8TJLU2&_nc_oc=AQlZm6VokU66xhSwr64UQHLEo1ljyxJ22mw9UykE86lq4BUUW2Csla7fkrNUyfjc1Us&_nc_ht=scontent.cdninstagram.com&edm=AL-3X8kEAAAA&oh=00_AfCfPnQOBeKHhapesPUg4hgn6FTPPEeeqcfdG4ONJwlcfA&oe=63A9A86E HTTP/1.1" 200 114353
DEBUG - Starting new HTTPS connection (1): scontent.cdninstagram.com:443
DEBUG - https://scontent.cdninstagram.com:443 "GET /v/t39.30808-6/318672899_504856468344978_3484590661517221837_n.jpg?_nc_cat=105&ccb=1-7&_nc_sid=8ae9d6&_nc_eui2=AeFMkDDmDKiIWT4Tz6zzkstkBmz56EmmSuMGbPnoSaZK42bVBE61FJzL7nr8XUODKXAdk8bIjDXfmPm28jSq6_ui&_nc_ohc=LcDpvOOWDP0AX8wAOZx&_nc_ht=scontent.cdninstagram.com&edm=AL-3X8kEAAAA&oh=00_AfCxLzkCY1lqCAR6ziPAozCsMro2qjhlKNXG0p65A_ySgA&oe=63AA8AA8 HTTP/1.1" 200 260857
DEBUG - Starting new HTTPS connection (1): scontent.cdninstagram.com:443
DEBUG - https://scontent.cdninstagram.com:443 "GET /v/t39.30808-6/318724511_504089811754977_5087322004861745582_n.jpg?_nc_cat=101&ccb=1-7&_nc_sid=8ae9d6&_nc_eui2=AeEvSwh9SCdcEH20H7FL-4q3jhAL9O8AFm6OEAv07wAWbmG1uzurCULlB4Cc4Wlx1cH5NmQ_KFlYrYSDpwm3rCE6&_nc_ohc=pTbUueUZRG0AX97gTbO&_nc_ht=scontent.cdninstagram.com&edm=AL-3X8kEAAAA&oh=00_AfDse_dUlcBD4OR1wYVH9TUAX05HUhCeBFwk_5tPUH0wgg&oe=63A9D737 HTTP/1.1" 200 176464
DEBUG - Starting new HTTPS connection (1): scontent.cdninstagram.com:443
DEBUG - https://scontent.cdninstagram.com:443 "GET /v/t39.30808-6/318017589_503900798440545_4697337269758492422_n.jpg?_nc_cat=111&ccb=1-7&_nc_sid=8ae9d6&_nc_eui2=AeG5Lo_iJVpDzTQmym3YORg65zS4ItLBbl7nNLgi0sFuXjnv68EG3Qrudha1NCx-i3ea-HvqXaXfIqxlaNH8OWRh&_nc_ohc=59ROTR5KvYkAX_UXK4f&_nc_ht=scontent.cdninstagram.com&edm=AL-3X8kEAAAA&oh=00_AfB4bfr0FdMo59p7gX18444wlANhKYX9ar2wdBugKhUCLA&oe=63A9BC4E HTTP/1.1" 200 107355
DEBUG - Starting new HTTPS connection (1): scontent.cdninstagram.com:443
DEBUG - https://scontent.cdninstagram.com:443 "GET /v/t39.30808-6/318923258_503866788443946_3809319836825869244_n.jpg?_nc_cat=103&ccb=1-7&_nc_sid=8ae9d6&_nc_eui2=AeH7yzupA_rp1zEqcsbfn_hmzQqsPybAOLvNCqw_JsA4uwOqcmV59M79q_WGOS9Wq2ENuo9hAzZRzZK1UsI0PXQg&_nc_ohc=0WXlXFgFv8sAX-oajrm&_nc_ht=scontent.cdninstagram.com&edm=AL-3X8kEAAAA&oh=00_AfB5lSa5aimeHyDtGCzOdeU412qMGPRIkxcZLstL2hH_eg&oe=63A99708 HTTP/1.1" 200 139778
DEBUG - Starting new HTTPS connection (1): scontent.cdninstagram.com:443
DEBUG - https://scontent.cdninstagram.com:443 "GET /v/t39.30808-6/318561780_503018698528755_9174824926310481868_n.jpg?_nc_cat=102&ccb=1-7&_nc_sid=8ae9d6&_nc_eui2=AeFJa7GSWTJC3deBfp2tFUwpvBvRefTeOZS8G9F59N45lKYFHfDZ29yVCNFeurn7lCWn4BKCX5bLAdlUnlRNMO9p&_nc_ohc=JOZCed4mtyYAX_bivML&_nc_ht=scontent.cdninstagram.com&edm=AL-3X8kEAAAA&oh=00_AfABgcg333BGgrUlshb9qwt48vmWxdSWjmQIlF5Y3G-fZQ&oe=63AA7423 HTTP/1.1" 200 199438
DEBUG - Starting new HTTPS connection (1): scontent.cdninstagram.com:443
DEBUG - https://scontent.cdninstagram.com:443 "GET /v/t39.30808-6/318329908_502673911896567_2016943109144922033_n.jpg?_nc_cat=110&ccb=1-7&_nc_sid=8ae9d6&_nc_eui2=AeEPijGOQmkIO0SsXYzcJDU8LEydDYx_iOQsTJ0NjH-I5HlzngdaeQvUunU7-JK2JgDyBCPBHaI_D19_TwQE3TB0&_nc_ohc=6cLKCxBJ7O0AX_wJdos&_nc_ht=scontent.cdninstagram.com&edm=AL-3X8kEAAAA&oh=00_AfArMnY7uEo8oldm9s3PA-nNCfrqEYaIvOts0GsOTQgRoQ&oe=63A8EE0F HTTP/1.1" 200 89523
DEBUG - Starting new HTTPS connection (1): graph.facebook.com:443
DEBUG - https://graph.facebook.com:443 "GET /v11.0/17841442075233320?fields=business_discovery.username%28ufac_oficial%29%7Busername%2Cwebsite%2Cname%2Cig_id%2Cid%2Cprofile_picture_url%2Cbiography%2C++++++++follows_count%2Cfollowers_count%2Cmedia_count%2Cmedia%7Bmedia_url%2Ccomments_count%2C++++++++like_count%2Ccaption%2Cmedia_type%2Cpermalink%2Ctimestamp%2Cusername%7D%7D&access_token=EAAlVCHCZA7rQBAPpX03Yo7I5pYsHSU2p4JdDs4tTdljwaHt5e76DCMi3NZCTZBo4iZBnoCgCp05pWqher1JSdpSZAPhZBpksHltc7oZBRQZAT9DVYXxRw2YglWCiO5d8m2CuCWMO2XxwpsJHpsTF6Hko9SW8LslioF9e3NS4cUivaquDM0C1wZBMX HTTP/1.1" 200 11737
DEBUG - Starting new HTTPS connection (1): scontent.cdninstagram.com:443
DEBUG - https://scontent.cdninstagram.com:443 "GET /v/t51.29350-15/320966601_8478938112147554_6150933919576299807_n.jpg?_nc_cat=101&ccb=1-7&_nc_sid=8ae9d6&_nc_eui2=AeG5RfzrnJgs8uyK9Wa6ozlR28eMTg_W4F7bx4xOD9bgXnUiTgGwVcwtau_9GYBe44czBxIUl3Ga6zFKnnczecFN&_nc_ohc=rV7dKWQX8d0AX-4w2_F&_nc_ht=scontent.cdninstagram.com&edm=AL-3X8kEAAAA&oh=00_AfDFJlZqyzGdCNxrCjoOOuHeMugijwKOgMclgU8HVEPIzQ&oe=63A95753 HTTP/1.1" 200 228223
DEBUG - Starting new HTTPS connection (1): scontent.cdninstagram.com:443
DEBUG - https://scontent.cdninstagram.com:443 "GET /v/t51.29350-15/320613333_1313507139445193_8191485116076422876_n.jpg?_nc_cat=111&ccb=1-7&_nc_sid=8ae9d6&_nc_eui2=AeGSP01609nMw3XCa_PufkmT4_dYhjHDJcjj91iGMcMlyKjC8hNljXe9NgYX3d3Z-NZwrDH_4PRoDEVbh3VIF3s5&_nc_ohc=5OdeouJn30IAX_FVcvv&_nc_ht=scontent.cdninstagram.com&edm=AL-3X8kEAAAA&oh=00_AfBb8O1ipCHgocRoEK9CbHcJ1uACcWd3wBmQB9wZs70SjA&oe=63AA98A0 HTTP/1.1" 200 205682
DEBUG - Starting new HTTPS connection (1): scontent.cdninstagram.com:443
DEBUG - https://scontent.cdninstagram.com:443 "GET /v/t51.29350-15/320887432_193944603179710_3813527477941370115_n.jpg?_nc_cat=110&ccb=1-7&_nc_sid=8ae9d6&_nc_eui2=AeFXj4Wj2_-0I3Py63yUTFU7VUn9yN0z9qdVSf3I3TP2p6hBbpVX1vMypxTurmhpYffTGXjsP3-pCvzMw4-7__vz&_nc_ohc=O2iCn_OkkS4AX-wj9wC&_nc_ht=scontent.cdninstagram.com&edm=AL-3X8kEAAAA&oh=00_AfA0o3wlxmxRTOeX0euX5utK38_CspNy-TS0kdMH0MFtsA&oe=63AA77E0 HTTP/1.1" 200 120811
DEBUG - Starting new HTTPS connection (1): scontent.cdninstagram.com:443
DEBUG - https://scontent.cdninstagram.com:443 "GET /v/t51.29350-15/321040273_188471653838264_8203152693502024775_n.jpg?_nc_cat=102&ccb=1-7&_nc_sid=8ae9d6&_nc_eui2=AeE67v3iQgOzLCVqChcTf2aT9Jha39TyovL0mFrf1PKi8v7TJF1lkyy5btndJdvc-rDss0ohh7BVTMzYnyfyW706&_nc_ohc=2zgBhLbmTJkAX8uiR2-&_nc_ht=scontent.cdninstagram.com&edm=AL-3X8kEAAAA&oh=00_AfDhXmMtnCMqYa0HWqh_J0q1l5lvUhS9BsmtkYKmmZdN1Q&oe=63A94ED4 HTTP/1.1" 200 129619
DEBUG - Starting new HTTPS connection (1): scontent.cdninstagram.com:443
DEBUG - https://scontent.cdninstagram.com:443 "GET /v/t51.29350-15/320932223_1171730180369037_3676772251617786612_n.jpg?_nc_cat=108&ccb=1-7&_nc_sid=8ae9d6&_nc_eui2=AeEALNjQQSJfLWBTxnDQnXmpHrwrHw-exXMevCsfD57Fc5TPzEwOqn8Avo0jEq4vlR1EjPPMfDclEjh4ms0oHBsP&_nc_ohc=tqEwsZJFdnoAX-_brGn&_nc_ht=scontent.cdninstagram.com&edm=AL-3X8kEAAAA&oh=00_AfBbTzlDBrFiMdvLXWOtObBsx_PLRx9ufohZveg_otg5sA&oe=63AABD07 HTTP/1.1" 200 161249
DEBUG - Starting new HTTPS connection (1): scontent.cdninstagram.com:443
DEBUG - https://scontent.cdninstagram.com:443 "GET /v/t51.29350-15/320693108_218148433975038_286928689320264193_n.jpg?_nc_cat=102&ccb=1-7&_nc_sid=8ae9d6&_nc_eui2=AeEzO7HIx6pFq0cVclX9EFSyY4A_sz7BI4ljgD-zPsEjiS1nPpvetUU2CWK57VIPp_MoLLOo736kbpRuIrUbTu_6&_nc_ohc=nug5uZRZiyEAX8g-35x&_nc_ht=scontent.cdninstagram.com&edm=AL-3X8kEAAAA&oh=00_AfBY-_XD9PUXmux_g_EF01tq6n7bqHMJFaAIF35suYIWBw&oe=63A98B8E HTTP/1.1" 200 316472
DEBUG - Starting new HTTPS connection (1): scontent.cdninstagram.com:443
DEBUG - https://scontent.cdninstagram.com:443 "GET /v/t51.29350-15/320741412_141865475332208_6059481051314742038_n.jpg?_nc_cat=100&ccb=1-7&_nc_sid=8ae9d6&_nc_eui2=AeEBXrFWruai8SaK5TV_N1hwYzYBAIVKO3NjNgEAhUo7c6kxt38A0lZwracwQYNrS-q5tEUiiR6JfNhjKPPHu7S8&_nc_ohc=YzhqEoXs47QAX92kKhP&_nc_ht=scontent.cdninstagram.com&edm=AL-3X8kEAAAA&oh=00_AfBrNbG9gUsohN7pAlJ6w5GNX_Nt9jnpE0oarSyulU5-SA&oe=63AA3A10 HTTP/1.1" 200 146392
DEBUG - Starting new HTTPS connection (1): scontent.cdninstagram.com:443
DEBUG - https://scontent.cdninstagram.com:443 "GET /v/t51.29350-15/321196695_656362246280510_7917999487482543485_n.jpg?_nc_cat=106&ccb=1-7&_nc_sid=8ae9d6&_nc_eui2=AeEu_l6F2WeCY3kmuQCeEVhqsv4UdTJc86-y_hR1Mlzzr7RaaKrxUMYVGTyBxRJ2qsQ883vlg3CEpo3JfqrSgkfJ&_nc_ohc=VCL5-kxKWYQAX-ccFDN&_nc_ht=scontent.cdninstagram.com&edm=AL-3X8kEAAAA&oh=00_AfCfrIGxQwxv-tqo0WFZprvpPG91XNLjSGTnaXm8TTWgBA&oe=63A9AEF5 HTTP/1.1" 200 238427
DEBUG - Starting new HTTPS connection (1): scontent.cdninstagram.com:443
DEBUG - https://scontent.cdninstagram.com:443 "GET /v/t51.29350-15/319528459_2043167695877178_766069601170769194_n.jpg?_nc_cat=103&ccb=1-7&_nc_sid=8ae9d6&_nc_eui2=AeHwLO4OdTEVyZjo8w6DMVjgM50-rxQO76wznT6vFA7vrDKF5ICldHN12EG30A7WsYJQ0-dS6VF2wU0ek3kD65cG&_nc_ohc=TIMQLgxXWO0AX8GUQaD&_nc_ht=scontent.cdninstagram.com&edm=AL-3X8kEAAAA&oh=00_AfC1AoYuyaGJCB_oFGU8dfKVr3denoEXRlYssXO015yTOg&oe=63A9EA3A HTTP/1.1" 200 147325
DEBUG - Starting new HTTPS connection (1): scontent.cdninstagram.com:443
DEBUG - https://scontent.cdninstagram.com:443 "GET /v/t51.29350-15/319611002_860327058619262_8445197812748268147_n.jpg?_nc_cat=108&ccb=1-7&_nc_sid=8ae9d6&_nc_eui2=AeGPVlAoDCsz7gHiFqcs0pJNHvFXf3_0niMe8Vd_f_SeI7Sytu7PmgrJhWOb0nmg2OMwIxJZiaUm6aYhk8qfLaez&_nc_ohc=KqasBB8vqbsAX8iB6Cz&_nc_oc=AQl9_xt4cL8pcq4tBA_aXMWUhsXQ3cZWtA5c3yJFmbXdjDBruPboXyvEN2D90R5WqBE&_nc_ht=scontent.cdninstagram.com&edm=AL-3X8kEAAAA&oh=00_AfCSPvDQ6o7dkeEp57ZPlxGr_8XBEP0rSOgaEv63zP1F6w&oe=63AA6C54 HTTP/1.1" 200 212842
DEBUG - Starting new HTTPS connection (1): scontent.cdninstagram.com:443
DEBUG - https://scontent.cdninstagram.com:443 "GET /v/t51.29350-15/319292627_1207506433534148_2823621721195673052_n.jpg?_nc_cat=103&ccb=1-7&_nc_sid=8ae9d6&_nc_eui2=AeFNztR1EOd-7g4ZAjG6jKAGmsk2UqHTRtuayTZSodNG243nRxVhJBBmZjTjkoVGLcWDeJ1zPUPtcxbMQRaWP1xR&_nc_ohc=2LC82vFe_4sAX8pNhGC&_nc_ht=scontent.cdninstagram.com&edm=AL-3X8kEAAAA&oh=00_AfDjedN8zOU1J7Oq-_7l9qZFgq1G0yhBGTkx7a4rMIjnFw&oe=63AABFD6 HTTP/1.1" 200 182357
DEBUG - Starting new HTTPS connection (1): scontent.cdninstagram.com:443
DEBUG - https://scontent.cdninstagram.com:443 "GET /v/t51.29350-15/319138331_850800269497976_2841241133212416592_n.jpg?_nc_cat=101&ccb=1-7&_nc_sid=8ae9d6&_nc_eui2=AeGIHohAOZUFxPmmJ9Ipo2Wd0etrEI_3oHfR62sQj_egd78W67ADsoTQXVqm5zC01L6eInGXXOUbt_W409a6v0XR&_nc_ohc=i1014sk4XvIAX_UeoR4&_nc_ht=scontent.cdninstagram.com&edm=AL-3X8kEAAAA&oh=00_AfDCCXSv2QWB7aeoiO_tvB7kxbAB3vqCv-HdTg8BmaLLcw&oe=63AA4751 HTTP/1.1" 200 184216
DEBUG - Starting new HTTPS connection (1): scontent.cdninstagram.com:443
DEBUG - https://scontent.cdninstagram.com:443 "GET /v/t51.29350-15/318810125_844002183302736_8872966019741562268_n.jpg?_nc_cat=107&ccb=1-7&_nc_sid=8ae9d6&_nc_eui2=AeEyT38ZLKAKHTogDLy0k92A5mnTO9VM6SjmadM71UzpKNxZ9X241OwOApUkWrx1ChNOqMHOVirdlbbdRW7YbFgg&_nc_ohc=KVX0Q-jArQgAX9ROc9x&_nc_ht=scontent.cdninstagram.com&edm=AL-3X8kEAAAA&oh=00_AfCr4p_9I_eDcYv1pXw1OCetdwnCimS0mzFglNpu0xfh0A&oe=63AA0C76 HTTP/1.1" 200 235250
DEBUG - Starting new HTTPS connection (1): scontent.cdninstagram.com:443
DEBUG - https://scontent.cdninstagram.com:443 "GET /v/t51.29350-15/318736900_867581950922729_1463235550269391327_n.jpg?_nc_cat=102&ccb=1-7&_nc_sid=8ae9d6&_nc_eui2=AeH5OObOPoLkDQDCg6b9wJwoKO_xnuEO5Nko7_Ge4Q7k2cLEKQ-5Zlew_Kx-UoeKC5m_jQWaW1ZGGF8Y5o_Ty-oD&_nc_ohc=VZlBYj-oj2oAX8Ba3HB&_nc_ht=scontent.cdninstagram.com&edm=AL-3X8kEAAAA&oh=00_AfDhReBvcf5AgZReLcZm0ner-gqsOXhGiqN3SWLarDhFbA&oe=63AAAD54 HTTP/1.1" 200 163789
DEBUG - Starting new HTTPS connection (1): scontent.cdninstagram.com:443
DEBUG - https://scontent.cdninstagram.com:443 "GET /v/t51.29350-15/318049338_192697663273919_4691785080183079621_n.jpg?_nc_cat=102&ccb=1-7&_nc_sid=8ae9d6&_nc_eui2=AeHeg0qIjemd-jPw4UnfGV_wkyO3IqyimxKTI7cirKKbEoi4yffUSBjw40a6zH3gMKz3NFi-xXhb2sDZ0CjS6amh&_nc_ohc=pMZNh9bji6gAX9G4oQH&_nc_ht=scontent.cdninstagram.com&edm=AL-3X8kEAAAA&oh=00_AfB-jg1uCjpqBxZ_KQm8TnubiJp4UWjgXptf32dmjyjwpg&oe=63A9EE39 HTTP/1.1" 200 141905
DEBUG - Starting new HTTPS connection (1): scontent.cdninstagram.com:443
DEBUG - https://scontent.cdninstagram.com:443 "GET /v/t51.29350-15/318152228_682872510098491_6596199406680663253_n.jpg?_nc_cat=110&ccb=1-7&_nc_sid=8ae9d6&_nc_eui2=AeFUNjMR418kEQTGXfpqufce-M2FyvDfHJX4zYXK8N8clSqfpM6-jsdLcnvdZbIriEXf6_AGUndjOz2vweoHAhZq&_nc_ohc=7EVRHNaBcmcAX871vdb&_nc_ht=scontent.cdninstagram.com&edm=AL-3X8kEAAAA&oh=00_AfCrfjz40kTYWeLdTin4u15PLih-4hiiEpO3v2A-xiJW7g&oe=63AA9EF2 HTTP/1.1" 200 127591
DEBUG - Starting new HTTPS connection (1): scontent.cdninstagram.com:443
DEBUG - https://scontent.cdninstagram.com:443 "GET /v/t51.29350-15/318611084_1297062904387348_2687370507312738885_n.jpg?_nc_cat=104&ccb=1-7&_nc_sid=8ae9d6&_nc_eui2=AeEUdsqMoVawLVYtMcpsW0OJiHd89nUa-V-Id3z2dRr5X5OXpcqVuwJF7XQA5a0yseOkw537pMy4T57mL-1rBwKZ&_nc_ohc=ny7QZy0SmAYAX-KHi3W&_nc_ht=scontent.cdninstagram.com&edm=AL-3X8kEAAAA&oh=00_AfBQcxXdIEknvETnxWM9-oumKV7t0s0cbb9wfSWy2YB7bA&oe=63AA6FAA HTTP/1.1" 200 166117
DEBUG - Starting new HTTPS connection (1): scontent.cdninstagram.com:443
DEBUG - https://scontent.cdninstagram.com:443 "GET /v/t51.29350-15/318476371_1845040085839729_8199126021473773336_n.jpg?_nc_cat=109&ccb=1-7&_nc_sid=8ae9d6&_nc_eui2=AeF4xdSd-_jj22KgTc-rP-K4Jsjyo8t4ZXkmyPKjy3hledJI1W58mjMReaqogEaQA-8jAHRkTpLJ5gNVRyVYcOOr&_nc_ohc=2OD1avYLQnAAX8j9H2V&_nc_oc=AQlHwYxkVxBuXHF_b7z7b8sjaaXb6xTqpoBqUNxon3KMGDSmuejj8iJJbncHNeGTKM0&_nc_ht=scontent.cdninstagram.com&edm=AL-3X8kEAAAA&oh=00_AfCrHpdouM2J1JZbCJOHZ2ocZkwbtPDAPnytM8mGqRe1rw&oe=63A99C4B HTTP/1.1" 200 186210
DEBUG - Starting new HTTPS connection (1): scontent.cdninstagram.com:443
DEBUG - https://scontent.cdninstagram.com:443 "GET /v/t51.29350-15/317875538_3296059367315160_4387717027274984024_n.jpg?_nc_cat=103&ccb=1-7&_nc_sid=8ae9d6&_nc_eui2=AeGh_lRaOpCoZXs1Q990vBkU70x0uSzDcm_vTHS5LMNyb_bw1iFl-kkeOON-8SSR7eih8QkVVvfVE5g_eOUBHwDN&_nc_ohc=36MPxCCacbgAX87047N&_nc_ht=scontent.cdninstagram.com&edm=AL-3X8kEAAAA&oh=00_AfA9vMraxc94VQXpgRanBy2m0UZqF5eHYZtgcim2_nIH5A&oe=63A8DA05 HTTP/1.1" 200 92751
DEBUG - Starting new HTTPS connection (1): scontent.cdninstagram.com:443
DEBUG - https://scontent.cdninstagram.com:443 "GET /v/t51.29350-15/317836284_197886136076254_3114395016304278329_n.jpg?_nc_cat=105&ccb=1-7&_nc_sid=8ae9d6&_nc_eui2=AeG0r2MgMm-XrY9daYn6GBoEBax1mF8KbYAFrHWYXwptgM7qQ_IMm2BG9tO3c3lWytMQavVkGOOqM8Q3KSipAHa5&_nc_ohc=9DzAsHEjwL0AX_gLvx7&_nc_ht=scontent.cdninstagram.com&edm=AL-3X8kEAAAA&oh=00_AfBGNEdF7F7go0kBqmwHRcFIrpDgZrWIqWcMmiice-eACg&oe=63A8D060 HTTP/1.1" 200 142267
DEBUG - Starting new HTTPS connection (1): scontent.cdninstagram.com:443
DEBUG - https://scontent.cdninstagram.com:443 "GET /v/t51.29350-15/317835344_579803737239219_3479468432106158546_n.jpg?_nc_cat=109&ccb=1-7&_nc_sid=8ae9d6&_nc_eui2=AeG2T_eeg13oYl8McnwRBnITvu0deH5PX0W-7R14fk9fRb04QazcPLz71AfMZgiU6Ps6XW8-o9bULzq9ukPvnIxH&_nc_ohc=0Vdfob4UTMUAX8E-dEh&_nc_ht=scontent.cdninstagram.com&edm=AL-3X8kEAAAA&oh=00_AfAhu8HKZa7FfnTGiD8RgUztmhEO-_P3sUAxB77KTTLlUA&oe=63AA2FCA HTTP/1.1" 200 188670
DEBUG - Starting new HTTPS connection (1): scontent.cdninstagram.com:443
DEBUG - https://scontent.cdninstagram.com:443 "GET /v/t51.29350-15/317854423_463039435886684_9159540374727195238_n.jpg?_nc_cat=108&ccb=1-7&_nc_sid=8ae9d6&_nc_eui2=AeGQ1zxE1bQJUoznNFABpYlYWH4wYUrdR8ZYfjBhSt1Hxgusna7FNnVtkep69CVzIMpbx5t-Ewd29EhJIj8YWZtW&_nc_ohc=ekczOMP3ZgcAX8AJS06&_nc_ht=scontent.cdninstagram.com&edm=AL-3X8kEAAAA&oh=00_AfC6cttJKuc269L-Ebs-uHr1aBmfEEEA3MuHeQb5P3dpHQ&oe=63AA8D97 HTTP/1.1" 200 167168
DEBUG - Starting new HTTPS connection (1): scontent.cdninstagram.com:443
DEBUG - https://scontent.cdninstagram.com:443 "GET /v/t51.29350-15/317928738_169138735745209_5552015131144219808_n.jpg?_nc_cat=104&ccb=1-7&_nc_sid=8ae9d6&_nc_eui2=AeEAu5t8O2IUJfyAwXOvZfYwAy5vAyKkxoIDLm8DIqTGgqaNcJaHxs0rkv6WtqhxlsthbVPOvv7chL5_YaKO62Jk&_nc_ohc=VmfHjNF3V2cAX8I_sBQ&_nc_oc=AQlomt8nPcjz8xvHsSqp0CNLIxlTd4l1WlhnQnoLp7Bdo1cYh4lxrlnV7U2FT8B986I&_nc_ht=scontent.cdninstagram.com&edm=AL-3X8kEAAAA&oh=00_AfD2dnMbDWuUlS5ma6YNDP57HAOmcbOwM8e2g8senUzl5w&oe=63A98672 HTTP/1.1" 200 208551
DEBUG - Starting new HTTPS connection (1): scontent.cdninstagram.com:443
DEBUG - https://scontent.cdninstagram.com:443 "GET /v/t51.29350-15/317474946_504140655019184_3066222385910882816_n.jpg?_nc_cat=100&ccb=1-7&_nc_sid=8ae9d6&_nc_eui2=AeG7PM0PI4VR8WQjCg-nfcZLib0B093_1yyJvQHT3f_XLE2Rw3xHGcb3QRCwPrjJaFQSWaXnn3rhUKJMMYZyZVda&_nc_ohc=yvcVFuJrVi4AX-HLn0P&_nc_ht=scontent.cdninstagram.com&edm=AL-3X8kEAAAA&oh=00_AfDziVyBCZ02tXbUFqg-sbyAnPgTJa7nNXleBrSVk4pcqQ&oe=63A92C63 HTTP/1.1" 200 172835
